<?xml version="1.0" encoding="UTF-8"?>
<testsuite xmlns:xsi="http://www.w3.org/2001/XMLSchema-instance" xsi:noNamespaceSchemaLocation="https://maven.apache.org/surefire/maven-surefire-plugin/xsd/surefire-test-report-3.0.xsd" version="3.0" name="CipherKitTest" time="0.756" tests="31" errors="0" skipped="0" failures="0">
  <properties>
    <property name="java.specification.version" value="17"/>
    <property name="sun.jnu.encoding" value="UTF-8"/>
    <property name="java.class.path" value="/home/runner/work/java_archiver/java_archiver/target/test-classes:/home/runner/work/java_archiver/java_archiver/target/classes:/home/runner/.m2/repository/commons-io/commons-io/2.11.0/commons-io-2.11.0.jar:/home/runner/.m2/repository/org/junit/jupiter/junit-jupiter/5.10.0/junit-jupiter-5.10.0.jar:/home/runner/.m2/repository/org/junit/jupiter/junit-jupiter-api/5.10.0/junit-jupiter-api-5.10.0.jar:/home/runner/.m2/repository/org/opentest4j/opentest4j/1.3.0/opentest4j-1.3.0.jar:/home/runner/.m2/repository/org/junit/platform/junit-platform-commons/1.10.0/junit-platform-commons-1.10.0.jar:/home/runner/.m2/repository/org/junit/jupiter/junit-jupiter-engine/5.10.0/junit-jupiter-engine-5.10.0.jar:/home/runner/.m2/repository/org/junit/platform/junit-platform-engine/1.10.0/junit-platform-engine-1.10.0.jar:/home/runner/.m2/repository/org/junit/jupiter/junit-jupiter-params/5.10.0/junit-jupiter-params-5.10.0.jar:/home/runner/.m2/repository/org/apiguardian/apiguardian-api/1.1.2/apiguardian-api-1.1.2.jar:/home/runner/.m2/repository/org/mockito/mockito-core/5.5.0/mockito-core-5.5.0.jar:/home/runner/.m2/repository/net/bytebuddy/byte-buddy/1.14.6/byte-buddy-1.14.6.jar:/home/runner/.m2/repository/net/bytebuddy/byte-buddy-agent/1.14.6/byte-buddy-agent-1.14.6.jar:/home/runner/.m2/repository/org/objenesis/objenesis/3.3/objenesis-3.3.jar:/home/runner/.m2/repository/org/mockito/mockito-junit-jupiter/5.5.0/mockito-junit-jupiter-5.5.0.jar:/home/runner/.m2/repository/org/assertj/assertj-core/3.24.2/assertj-core-3.24.2.jar:"/>
    <property name="java.vm.vendor" value="Eclipse Adoptium"/>
    <property name="sun.arch.data.model" value="64"/>
    <property name="java.vendor.url" value="https://adoptium.net/"/>
    <property name="os.name" value="Linux"/>
    <property name="java.vm.specification.version" value="17"/>
    <property name="sun.java.launcher" value="SUN_STANDARD"/>
    <property name="sun.boot.library.path" value="/usr/lib/jvm/temurin-17-jdk-amd64/lib"/>
    <property name="sun.java.command" value="/home/runner/work/java_archiver/java_archiver/target/surefire/surefirebooter-20250803084101911_3.jar /home/runner/work/java_archiver/java_archiver/target/surefire 2025-08-03T08-41-01_849-jvmRun1 surefire-20250803084101911_1tmp surefire_0-20250803084101911_2tmp"/>
    <property name="jdk.debug" value="release"/>
    <property name="surefire.test.class.path" value="/home/runner/work/java_archiver/java_archiver/target/test-classes:/home/runner/work/java_archiver/java_archiver/target/classes:/home/runner/.m2/repository/commons-io/commons-io/2.11.0/commons-io-2.11.0.jar:/home/runner/.m2/repository/org/junit/jupiter/junit-jupiter/5.10.0/junit-jupiter-5.10.0.jar:/home/runner/.m2/repository/org/junit/jupiter/junit-jupiter-api/5.10.0/junit-jupiter-api-5.10.0.jar:/home/runner/.m2/repository/org/opentest4j/opentest4j/1.3.0/opentest4j-1.3.0.jar:/home/runner/.m2/repository/org/junit/platform/junit-platform-commons/1.10.0/junit-platform-commons-1.10.0.jar:/home/runner/.m2/repository/org/junit/jupiter/junit-jupiter-engine/5.10.0/junit-jupiter-engine-5.10.0.jar:/home/runner/.m2/repository/org/junit/platform/junit-platform-engine/1.10.0/junit-platform-engine-1.10.0.jar:/home/runner/.m2/repository/org/junit/jupiter/junit-jupiter-params/5.10.0/junit-jupiter-params-5.10.0.jar:/home/runner/.m2/repository/org/apiguardian/apiguardian-api/1.1.2/apiguardian-api-1.1.2.jar:/home/runner/.m2/repository/org/mockito/mockito-core/5.5.0/mockito-core-5.5.0.jar:/home/runner/.m2/repository/net/bytebuddy/byte-buddy/1.14.6/byte-buddy-1.14.6.jar:/home/runner/.m2/repository/net/bytebuddy/byte-buddy-agent/1.14.6/byte-buddy-agent-1.14.6.jar:/home/runner/.m2/repository/org/objenesis/objenesis/3.3/objenesis-3.3.jar:/home/runner/.m2/repository/org/mockito/mockito-junit-jupiter/5.5.0/mockito-junit-jupiter-5.5.0.jar:/home/runner/.m2/repository/org/assertj/assertj-core/3.24.2/assertj-core-3.24.2.jar:"/>
    <property name="sun.cpu.endian" value="little"/>
    <property name="user.home" value="/home/runner"/>
    <property name="user.language" value="en"/>
    <property name="java.specification.vendor" value="Oracle Corporation"/>
    <property name="java.version.date" value="2025-07-15"/>
    <property name="java.home" value="/usr/lib/jvm/temurin-17-jdk-amd64"/>
    <property name="file.separator" value="/"/>
    <property name="basedir" value="/home/runner/work/java_archiver/java_archiver"/>
    <property name="java.vm.compressedOopsMode" value="Zero based"/>
    <property name="line.separator" value="&#10;"/>
    <property name="java.specification.name" value="Java Platform API Specification"/>
    <property name="java.vm.specification.vendor" value="Oracle Corporation"/>
    <property name="surefire.real.class.path" value="/home/runner/work/java_archiver/java_archiver/target/surefire/surefirebooter-20250803084101911_3.jar"/>
    <property name="java.util.logging.config.file" value="src/test/resources/logging.properties"/>
    <property name="sun.management.compiler" value="HotSpot 64-Bit Tiered Compilers"/>
    <property name="java.runtime.version" value="17.0.16+8"/>
    <property name="user.name" value="runner"/>
    <property name="path.separator" value=":"/>
    <property name="os.version" value="6.11.0-1018-azure"/>
    <property name="java.runtime.name" value="OpenJDK Runtime Environment"/>
    <property name="file.encoding" value="UTF-8"/>
    <property name="java.vm.name" value="OpenJDK 64-Bit Server VM"/>
    <property name="java.vendor.version" value="Temurin-17.0.16+8"/>
    <property name="localRepository" value="/home/runner/.m2/repository"/>
    <property name="java.vendor.url.bug" value="https://github.com/adoptium/adoptium-support/issues"/>
    <property name="java.io.tmpdir" value="/tmp"/>
    <property name="java.version" value="17.0.16"/>
    <property name="user.dir" value="/home/runner/work/java_archiver/java_archiver"/>
    <property name="os.arch" value="amd64"/>
    <property name="java.vm.specification.name" value="Java Virtual Machine Specification"/>
    <property name="native.encoding" value="UTF-8"/>
    <property name="java.library.path" value="/usr/java/packages/lib:/usr/lib64:/lib64:/lib:/usr/lib"/>
    <property name="java.vm.info" value="mixed mode, sharing"/>
    <property name="java.vendor" value="Eclipse Adoptium"/>
    <property name="java.vm.version" value="17.0.16+8"/>
    <property name="java.specification.maintenance.version" value="1"/>
    <property name="sun.io.unicode.encoding" value="UnicodeLittle"/>
    <property name="java.class.version" value="61.0"/>
  </properties>
  <testcase name="testEncryptionWithNullData" classname="CipherKitTest" time="0.186"/>
  <testcase name="testCipherKitCreationVariousPasswords(String)[1]" classname="CipherKitTest" time="0.076"/>
  <testcase name="testCipherKitCreationVariousPasswords(String)[2]" classname="CipherKitTest" time="0.075"/>
  <testcase name="testCipherKitCreationVariousPasswords(String)[3]" classname="CipherKitTest" time="0.027"/>
  <testcase name="testCipherKitCreationVariousPasswords(String)[4]" classname="CipherKitTest" time="0.018"/>
  <testcase name="testConsistentMultipleOperations" classname="CipherKitTest" time="0.02"/>
  <testcase name="testEncryptDecrypt" classname="CipherKitTest" time="0.017"/>
  <testcase name="testEncryptDecryptVariousDataSizes(String)[1]" classname="CipherKitTest" time="0.017"/>
  <testcase name="testEncryptDecryptVariousDataSizes(String)[2]" classname="CipherKitTest" time="0.016"/>
  <testcase name="testEncryptDecryptVariousDataSizes(String)[3]" classname="CipherKitTest" time="0.016"/>
  <testcase name="testEncryptDecryptVariousDataSizes(String)[4]" classname="CipherKitTest" time="0.018"/>
  <testcase name="testEncryptDecryptVariousDataSizes(String)[5]" classname="CipherKitTest" time="0.017"/>
  <testcase name="testNonceGenerationNegativeSize" classname="CipherKitTest" time="0.001"/>
  <testcase name="testCipherKitCreationNullNonce" classname="CipherKitTest" time="0.001"/>
  <testcase name="testEncryptDecryptLargeData" classname="CipherKitTest" time="0.036"/>
  <testcase name="testCipherKitCreationNullPassword" classname="CipherKitTest" time="0.001"/>
  <testcase name="testEncryptDecryptBinaryData" classname="CipherKitTest" time="0.017"/>
  <testcase name="testDecryptionWithCorruptedData" classname="CipherKitTest" time="0.018"/>
  <testcase name="testDifferentNoncesProduceDifferentCiphertext" classname="CipherKitTest" time="0.036"/>
  <testcase name="testCipherKitCreation" classname="CipherKitTest" time="0.015"/>
  <testcase name="testNonceGeneration" classname="CipherKitTest" time="0.0"/>
  <testcase name="testNonceGenerationVariousSizes(int)[1]" classname="CipherKitTest" time="0.001"/>
  <testcase name="testNonceGenerationVariousSizes(int)[2]" classname="CipherKitTest" time="0.0"/>
  <testcase name="testNonceGenerationVariousSizes(int)[3]" classname="CipherKitTest" time="0.001"/>
  <testcase name="testNonceGenerationVariousSizes(int)[4]" classname="CipherKitTest" time="0.0"/>
  <testcase name="testNonceGenerationVariousSizes(int)[5]" classname="CipherKitTest" time="0.001"/>
  <testcase name="testDecryptionWithWrongPassword" classname="CipherKitTest" time="0.031"/>
  <testcase name="testNonceGenerationZeroSize" classname="CipherKitTest" time="0.001"/>
  <testcase name="testDecryptionWithWrongNonce" classname="CipherKitTest" time="0.031"/>
  <testcase name="testEncryptionWithEmptyData" classname="CipherKitTest" time="0.016"/>
  <testcase name="testCipherKitCreationEmptyPassword" classname="CipherKitTest" time="0.015"/>
</testsuite>